[2025-01-11 19:25:23] [INFO] runTextAnalysis: Starting text analysis process.
[2025-01-11 19:25:23] [INFO] [34mindex.js: Starting the CLI application.[39m
[2025-01-11 19:25:23] [INFO] [1m[34mmainMenu: Displaying the main menu.[39m[22m
[2025-01-11 19:25:39] [INFO] Starting: Validating conversations
[2025-01-11 19:25:39] [INFO] Starting runValidationCheck...
[2025-01-11 19:25:39] [INFO] Successfully read conversations.json from /Users/ventura/Library/Mobile Documents/iCloud~dk~simonbs~Jayson/Documents/Omi/memory-processing-toolbox/src/data/conversations.json
[2025-01-11 19:25:39] [INFO] Successfully parsed conversations.json
[2025-01-11 19:25:39] [INFO] Successfully compiled JSON schema for validation.
[2025-01-11 19:25:39] [INFO] Validation complete: 1353 valid, 0 invalid.
[2025-01-11 19:25:39] [INFO] Successfully validated memories.
[2025-01-11 19:25:39] [INFO] All conversations are valid according to the schema.
[2025-01-11 19:25:39] [INFO] Completed: Validating conversations
[2025-01-11 19:25:39] [INFO] [1m[34mmainMenu: Displaying the main menu.[39m[22m
[2025-01-11 19:25:56] [INFO] Starting: Filtering memories
[2025-01-11 19:25:56] [INFO] Starting runFiltering...
[2025-01-11 19:25:56] [INFO] Successfully read conversations.json from /Users/ventura/Library/Mobile Documents/iCloud~dk~simonbs~Jayson/Documents/Omi/memory-processing-toolbox/src/data/conversations.json
[2025-01-11 19:25:56] [INFO] Successfully parsed conversations.json
[2025-01-11 19:25:56] [INFO] Filtering out discarded/deleted conversations...
[2025-01-11 19:25:56] [INFO] Total: 1353; Non-discarded/deleted: 398
[2025-01-11 19:25:56] [INFO] Filtered memories. Remaining memories: 398
[2025-01-11 19:25:56] [INFO] Filtered memories written to: /Users/ventura/Library/Mobile Documents/iCloud~dk~simonbs~Jayson/Documents/Omi/memory-processing-toolbox/src/data/filteredConversations.json
[2025-01-11 19:25:56] [INFO] Completed: Filtering memories
[2025-01-11 19:25:56] [INFO] [1m[34mmainMenu: Displaying the main menu.[39m[22m
[2025-01-11 19:26:19] [INFO] Starting: Extracting categories
[2025-01-11 19:26:19] [INFO] runWriteCategories: Starting category summary writing process.
[2025-01-11 19:26:19] [INFO] runWriteCategories: Ensured output directories at /Users/ventura/Library/Mobile Documents/iCloud~dk~simonbs~Jayson/Documents/Omi/memory-processing-toolbox/src/output/markdown, /Users/ventura/Library/Mobile Documents/iCloud~dk~simonbs~Jayson/Documents/Omi/memory-processing-toolbox/src/output/reports, and /Users/ventura/Library/Mobile Documents/iCloud~dk~simonbs~Jayson/Documents/Omi/memory-processing-toolbox/src/output/csv.
[2025-01-11 19:26:19] [INFO] runWriteCategories: Successfully read filteredConversations.json from /Users/ventura/Library/Mobile Documents/iCloud~dk~simonbs~Jayson/Documents/Omi/memory-processing-toolbox/src/data/filteredConversations.json.
[2025-01-11 19:26:20] [INFO] runWriteCategories: Successfully parsed filteredConversations.json.
[2025-01-11 19:26:20] [INFO] extractCategories: Starting category extraction.
[2025-01-11 19:26:20] [INFO] extractCategories: Found 17 unique categories.
[2025-01-11 19:26:20] [INFO] runWriteCategories: Extracted categories summary for 17 categories.
[2025-01-11 19:26:20] [INFO] formatCategoriesMarkdown: Starting formatting of categories into Markdown.
[2025-01-11 19:26:20] [INFO] formatCategoriesMarkdown: Successfully formatted categories into Markdown.
[2025-01-11 19:26:20] [INFO] runWriteCategories: Successfully formatted categories to Markdown.
[2025-01-11 19:26:20] [INFO] runWriteCategories: Categories summary written to Markdown: /Users/ventura/Library/Mobile Documents/iCloud~dk~simonbs~Jayson/Documents/Omi/memory-processing-toolbox/src/output/markdown/categoriesSummary.md
[2025-01-11 19:26:20] [INFO] runWriteCategories: Categories summary written to JSON: /Users/ventura/Library/Mobile Documents/iCloud~dk~simonbs~Jayson/Documents/Omi/memory-processing-toolbox/src/output/reports/categoriesSummary.json
[2025-01-11 19:26:20] [INFO] writeJsonToCsv: Starting CSV writing for file /Users/ventura/Library/Mobile Documents/iCloud~dk~simonbs~Jayson/Documents/Omi/memory-processing-toolbox/src/output/csv/categoriesSummary.csv.
[2025-01-11 19:26:20] [INFO] writeJsonToCsv: CSV file written successfully at /Users/ventura/Library/Mobile Documents/iCloud~dk~simonbs~Jayson/Documents/Omi/memory-processing-toolbox/src/output/csv/categoriesSummary.csv.
[2025-01-11 19:26:20] [INFO] runWriteCategories: Categories summary written to CSV: /Users/ventura/Library/Mobile Documents/iCloud~dk~simonbs~Jayson/Documents/Omi/memory-processing-toolbox/src/output/csv/categoriesSummary.csv
[2025-01-11 19:26:20] [INFO] runWriteCategories: Category summary writing process completed successfully.
[2025-01-11 19:26:20] [INFO] Completed: Extracting categories
[2025-01-11 19:26:20] [INFO] [1m[34mmainMenu: Displaying the main menu.[39m[22m
[2025-01-11 19:27:30] [INFO] Starting: Extracting transcripts
[2025-01-11 19:27:30] [INFO] runExtractTranscripts: Starting transcript extraction process.
[2025-01-11 19:27:30] [INFO] runExtractTranscripts: Ensured output directories at /Users/ventura/Library/Mobile Documents/iCloud~dk~simonbs~Jayson/Documents/Omi/memory-processing-toolbox/src/output/markdown, /Users/ventura/Library/Mobile Documents/iCloud~dk~simonbs~Jayson/Documents/Omi/memory-processing-toolbox/src/output/reports, and /Users/ventura/Library/Mobile Documents/iCloud~dk~simonbs~Jayson/Documents/Omi/memory-processing-toolbox/src/output/csv.
[2025-01-11 19:27:31] [INFO] runExtractTranscripts: Successfully read filteredConversations.json from /Users/ventura/Library/Mobile Documents/iCloud~dk~simonbs~Jayson/Documents/Omi/memory-processing-toolbox/src/data/filteredConversations.json.
[2025-01-11 19:27:31] [INFO] runExtractTranscripts: Successfully parsed filteredConversations.json.
[2025-01-11 19:27:31] [INFO] extractTranscriptSegments: Starting transcript segments extraction.
[2025-01-11 19:27:31] [INFO] extractTranscriptSegments: Transcript segments extracted for 398 memories.
[2025-01-11 19:27:31] [INFO] runExtractTranscripts: Extracted transcript segments for 398 memories.
[2025-01-11 19:27:31] [INFO] formatTranscriptMarkdown: Starting formatting of transcripts into Markdown.
[2025-01-11 19:27:31] [INFO] formatTranscriptMarkdown: Successfully formatted transcripts into Markdown.
[2025-01-11 19:27:31] [INFO] runExtractTranscripts: Successfully formatted transcripts to Markdown.
[2025-01-11 19:27:31] [INFO] runExtractTranscripts: Transcripts written to Markdown: /Users/ventura/Library/Mobile Documents/iCloud~dk~simonbs~Jayson/Documents/Omi/memory-processing-toolbox/src/output/markdown/transcripts.md
[2025-01-11 19:27:31] [INFO] runExtractTranscripts: Transcripts written to JSON: /Users/ventura/Library/Mobile Documents/iCloud~dk~simonbs~Jayson/Documents/Omi/memory-processing-toolbox/src/output/reports/transcripts.json
[2025-01-11 19:27:31] [INFO] writeJsonToCsv: Starting CSV writing for file /Users/ventura/Library/Mobile Documents/iCloud~dk~simonbs~Jayson/Documents/Omi/memory-processing-toolbox/src/output/csv/transcripts.csv.
[2025-01-11 19:27:31] [INFO] writeJsonToCsv: CSV file written successfully at /Users/ventura/Library/Mobile Documents/iCloud~dk~simonbs~Jayson/Documents/Omi/memory-processing-toolbox/src/output/csv/transcripts.csv.
[2025-01-11 19:27:31] [INFO] runExtractTranscripts: Transcripts written to CSV: /Users/ventura/Library/Mobile Documents/iCloud~dk~simonbs~Jayson/Documents/Omi/memory-processing-toolbox/src/output/csv/transcripts.csv
[2025-01-11 19:27:31] [INFO] runExtractTranscripts: Transcript extraction process completed successfully.
[2025-01-11 19:27:31] [INFO] Completed: Extracting transcripts
[2025-01-11 19:27:31] [INFO] [1m[34mmainMenu: Displaying the main menu.[39m[22m
[2025-01-11 19:27:43] [INFO] Starting: Performing text analysis
[2025-01-11 19:27:43] [INFO] runTextAnalysis: Starting text analysis process.
[2025-01-11 19:27:43] [INFO] runTextAnalysis: Successfully read filteredConversations.json from /Users/ventura/Library/Mobile Documents/iCloud~dk~simonbs~Jayson/Documents/Omi/memory-processing-toolbox/src/data/filteredConversations.json.
[2025-01-11 19:27:43] [INFO] runTextAnalysis: Successfully parsed filteredConversations.json.
[2025-01-11 19:27:43] [INFO] Successfully compiled JSON schema for validation.
[2025-01-11 19:27:43] [INFO] Validation complete: 398 valid, 0 invalid.
[2025-01-11 19:27:43] [INFO] Filtering out discarded/deleted conversations...
[2025-01-11 19:27:43] [INFO] Total: 398; Non-discarded/deleted: 398
[2025-01-11 19:27:43] [INFO] runTextAnalysis: 398 active memories to analyze.
[2025-01-11 19:27:43] [INFO] runTextAnalysis: Aggregated 33802 transcript segments from active memories.
[2025-01-11 19:27:43] [INFO] getWordFrequency: Calculating 2-gram frequency.
[2025-01-11 19:27:43] [INFO] getWordFrequency: Word frequency calculation completed.
[2025-01-11 19:27:43] [INFO] runTextAnalysis: Word frequency calculation completed.
[2025-01-11 19:27:43] [INFO] runTextAnalysis: Top 10 keywords extracted.
[2025-01-11 19:27:44] [INFO] runTextAnalysis: Ensured output directories for JSON and CSV.
[2025-01-11 19:27:44] [INFO] runTextAnalysis: Text analysis results written to JSON: /Users/ventura/Library/Mobile Documents/iCloud~dk~simonbs~Jayson/Documents/Omi/memory-processing-toolbox/output/reports/textAnalysis.json
[2025-01-11 19:27:44] [INFO] writeJsonToCsv: Starting CSV writing for file /Users/ventura/Library/Mobile Documents/iCloud~dk~simonbs~Jayson/Documents/Omi/memory-processing-toolbox/output/csv/wordFrequency.csv.
[2025-01-11 19:27:44] [INFO] writeJsonToCsv: CSV file written successfully at /Users/ventura/Library/Mobile Documents/iCloud~dk~simonbs~Jayson/Documents/Omi/memory-processing-toolbox/output/csv/wordFrequency.csv.
[2025-01-11 19:27:44] [INFO] runTextAnalysis: Word frequency data written to CSV: /Users/ventura/Library/Mobile Documents/iCloud~dk~simonbs~Jayson/Documents/Omi/memory-processing-toolbox/output/csv/wordFrequency.csv
[2025-01-11 19:27:44] [INFO] writeJsonToCsv: Starting CSV writing for file /Users/ventura/Library/Mobile Documents/iCloud~dk~simonbs~Jayson/Documents/Omi/memory-processing-toolbox/output/csv/topKeywords.csv.
[2025-01-11 19:27:44] [INFO] writeJsonToCsv: CSV file written successfully at /Users/ventura/Library/Mobile Documents/iCloud~dk~simonbs~Jayson/Documents/Omi/memory-processing-toolbox/output/csv/topKeywords.csv.
[2025-01-11 19:27:44] [INFO] runTextAnalysis: Top keywords data written to CSV: /Users/ventura/Library/Mobile Documents/iCloud~dk~simonbs~Jayson/Documents/Omi/memory-processing-toolbox/output/csv/topKeywords.csv
[2025-01-11 19:27:44] [INFO] runTextAnalysis: Text analysis process completed successfully.
[2025-01-11 19:27:44] [INFO] Completed: Performing text analysis
[2025-01-11 19:27:44] [INFO] [1m[34mmainMenu: Displaying the main menu.[39m[22m
[2025-01-11 19:29:10] [INFO] Starting: Extracting plugin responses
[2025-01-11 19:29:10] [INFO] runExtractPlugins: Starting plugin extraction process.
[2025-01-11 19:29:10] [INFO] runExtractPlugins: Ensured output directories at /Users/ventura/Library/Mobile Documents/iCloud~dk~simonbs~Jayson/Documents/Omi/memory-processing-toolbox/src/output/reports and /Users/ventura/Library/Mobile Documents/iCloud~dk~simonbs~Jayson/Documents/Omi/memory-processing-toolbox/src/output/csv.
[2025-01-11 19:29:10] [INFO] runExtractPlugins: Successfully read filteredConversations.json from /Users/ventura/Library/Mobile Documents/iCloud~dk~simonbs~Jayson/Documents/Omi/memory-processing-toolbox/src/data/filteredConversations.json.
[2025-01-11 19:29:10] [INFO] runExtractPlugins: Successfully parsed filteredConversations.json.
[2025-01-11 19:29:10] [INFO] extractPluginResponses: Starting plugin responses extraction.
[2025-01-11 19:29:10] [INFO] extractPluginResponses: Plugin responses extracted for 398 memories.
[2025-01-11 19:29:10] [INFO] runExtractPlugins: Extracted plugin responses for 398 memories.
[2025-01-11 19:29:10] [INFO] runExtractPlugins: Plugin responses written to JSON: /Users/ventura/Library/Mobile Documents/iCloud~dk~simonbs~Jayson/Documents/Omi/memory-processing-toolbox/src/output/reports/pluginResponses.json
[2025-01-11 19:29:10] [INFO] writeJsonToCsv: Starting CSV writing for file /Users/ventura/Library/Mobile Documents/iCloud~dk~simonbs~Jayson/Documents/Omi/memory-processing-toolbox/src/output/csv/pluginResponses.csv.
[2025-01-11 19:29:10] [INFO] writeJsonToCsv: CSV file written successfully at /Users/ventura/Library/Mobile Documents/iCloud~dk~simonbs~Jayson/Documents/Omi/memory-processing-toolbox/src/output/csv/pluginResponses.csv.
[2025-01-11 19:29:10] [INFO] runExtractPlugins: Plugin responses written to CSV: /Users/ventura/Library/Mobile Documents/iCloud~dk~simonbs~Jayson/Documents/Omi/memory-processing-toolbox/src/output/csv/pluginResponses.csv
[2025-01-11 19:29:10] [INFO] runExtractPlugins: Plugin extraction process completed successfully.
[2025-01-11 19:29:10] [INFO] Completed: Extracting plugin responses
[2025-01-11 19:29:10] [INFO] [1m[34mmainMenu: Displaying the main menu.[39m[22m
[2025-01-11 19:29:16] [INFO] Starting: Writing Markdown outputs
[2025-01-11 19:29:16] [INFO] runWriteMarkdown: Starting Markdown report writing process.
[2025-01-11 19:29:16] [INFO] runWriteMarkdown: Ensured Markdown output directory at /Users/ventura/Library/Mobile Documents/iCloud~dk~simonbs~Jayson/Documents/Omi/memory-processing-toolbox/src/output/markdown.
[2025-01-11 19:29:16] [INFO] runWriteMarkdown: Successfully read filteredConversations.json from /Users/ventura/Library/Mobile Documents/iCloud~dk~simonbs~Jayson/Documents/Omi/memory-processing-toolbox/src/data/filteredConversations.json.
[2025-01-11 19:29:17] [INFO] runWriteMarkdown: Successfully parsed filteredConversations.json.
[2025-01-11 19:29:17] [INFO] extractCategories: Starting category extraction.
[2025-01-11 19:29:17] [INFO] extractCategories: Found 17 unique categories.
[2025-01-11 19:29:17] [INFO] runWriteMarkdown: Extracted categories summary for 17 categories.
[2025-01-11 19:29:17] [INFO] extractTranscriptSegments: Starting transcript segments extraction.
[2025-01-11 19:29:17] [INFO] extractTranscriptSegments: Transcript segments extracted for 398 memories.
[2025-01-11 19:29:17] [INFO] runWriteMarkdown: Extracted transcript segments for 398 memories.
[2025-01-11 19:29:17] [INFO] extractPluginResponses: Starting plugin responses extraction.
[2025-01-11 19:29:17] [INFO] extractPluginResponses: Plugin responses extracted for 398 memories.
[2025-01-11 19:29:17] [INFO] runWriteMarkdown: Extracted plugin responses for 398 memories.
[2025-01-11 19:29:17] [INFO] formatCategoriesMarkdown: Starting formatting of categories into Markdown.
[2025-01-11 19:29:17] [INFO] formatCategoriesMarkdown: Successfully formatted categories into Markdown.
[2025-01-11 19:29:17] [INFO] formatTranscriptMarkdown: Starting formatting of transcripts into Markdown.
[2025-01-11 19:29:17] [INFO] formatTranscriptMarkdown: Successfully formatted transcripts into Markdown.
[2025-01-11 19:29:17] [INFO] runWriteMarkdown: Consolidated Markdown report written to: /Users/ventura/Library/Mobile Documents/iCloud~dk~simonbs~Jayson/Documents/Omi/memory-processing-toolbox/src/output/markdown/consolidatedReport.md
[2025-01-11 19:29:17] [INFO] runWriteMarkdown: Markdown report writing process completed successfully.
[2025-01-11 19:29:17] [INFO] Completed: Writing Markdown outputs
[2025-01-11 19:29:17] [INFO] [1m[34mmainMenu: Displaying the main menu.[39m[22m
[2025-01-11 19:29:44] [INFO] Starting: Writing CSV outputs
[2025-01-11 19:29:44] [INFO] runWriteCsv: Starting CSV writing process.
[2025-01-11 19:29:44] [INFO] runWriteCsv: Ensured CSV output directory at /Users/ventura/Library/Mobile Documents/iCloud~dk~simonbs~Jayson/Documents/Omi/memory-processing-toolbox/src/output/csv.
[2025-01-11 19:29:44] [INFO] runWriteCsv: Successfully read filteredConversations.json from /Users/ventura/Library/Mobile Documents/iCloud~dk~simonbs~Jayson/Documents/Omi/memory-processing-toolbox/src/data/filteredConversations.json.
[2025-01-11 19:29:44] [INFO] runWriteCsv: Successfully parsed filteredConversations.json.
[2025-01-11 19:29:44] [INFO] extractCategories: Starting category extraction.
[2025-01-11 19:29:44] [INFO] extractCategories: Found 17 unique categories.
[2025-01-11 19:29:44] [INFO] runWriteCsv: Extracted categories summary for 17 categories.
[2025-01-11 19:29:44] [INFO] extractTranscriptSegments: Starting transcript segments extraction.
[2025-01-11 19:29:44] [INFO] extractTranscriptSegments: Transcript segments extracted for 398 memories.
[2025-01-11 19:29:44] [INFO] runWriteCsv: Extracted transcript segments for 398 memories.
[2025-01-11 19:29:44] [INFO] extractPluginResponses: Starting plugin responses extraction.
[2025-01-11 19:29:44] [INFO] extractPluginResponses: Plugin responses extracted for 398 memories.
[2025-01-11 19:29:44] [INFO] runWriteCsv: Extracted plugin responses for 398 memories.
[2025-01-11 19:29:44] [INFO] writeJsonToCsv: Starting CSV writing for file /Users/ventura/Library/Mobile Documents/iCloud~dk~simonbs~Jayson/Documents/Omi/memory-processing-toolbox/src/output/csv/categoriesSummary.csv.
[2025-01-11 19:29:44] [INFO] writeJsonToCsv: CSV file written successfully at /Users/ventura/Library/Mobile Documents/iCloud~dk~simonbs~Jayson/Documents/Omi/memory-processing-toolbox/src/output/csv/categoriesSummary.csv.
[2025-01-11 19:29:44] [INFO] runWriteCsv: Categories summary written to CSV: /Users/ventura/Library/Mobile Documents/iCloud~dk~simonbs~Jayson/Documents/Omi/memory-processing-toolbox/src/output/csv/categoriesSummary.csv
[2025-01-11 19:29:44] [INFO] writeJsonToCsv: Starting CSV writing for file /Users/ventura/Library/Mobile Documents/iCloud~dk~simonbs~Jayson/Documents/Omi/memory-processing-toolbox/src/output/csv/transcripts.csv.
[2025-01-11 19:29:45] [INFO] writeJsonToCsv: CSV file written successfully at /Users/ventura/Library/Mobile Documents/iCloud~dk~simonbs~Jayson/Documents/Omi/memory-processing-toolbox/src/output/csv/transcripts.csv.
[2025-01-11 19:29:45] [INFO] runWriteCsv: Transcripts written to CSV: /Users/ventura/Library/Mobile Documents/iCloud~dk~simonbs~Jayson/Documents/Omi/memory-processing-toolbox/src/output/csv/transcripts.csv
[2025-01-11 19:29:45] [INFO] writeJsonToCsv: Starting CSV writing for file /Users/ventura/Library/Mobile Documents/iCloud~dk~simonbs~Jayson/Documents/Omi/memory-processing-toolbox/src/output/csv/pluginResponses.csv.
[2025-01-11 19:29:45] [INFO] writeJsonToCsv: CSV file written successfully at /Users/ventura/Library/Mobile Documents/iCloud~dk~simonbs~Jayson/Documents/Omi/memory-processing-toolbox/src/output/csv/pluginResponses.csv.
[2025-01-11 19:29:45] [INFO] runWriteCsv: Plugin responses written to CSV: /Users/ventura/Library/Mobile Documents/iCloud~dk~simonbs~Jayson/Documents/Omi/memory-processing-toolbox/src/output/csv/pluginResponses.csv
[2025-01-11 19:29:45] [INFO] runWriteCsv: CSV writing process completed successfully.
[2025-01-11 19:29:45] [INFO] Completed: Writing CSV outputs
[2025-01-11 19:29:45] [INFO] [1m[34mmainMenu: Displaying the main menu.[39m[22m
[2025-01-11 19:49:00] [INFO] Starting: Extracting categories
[2025-01-11 19:49:00] [INFO] runWriteCategories: Starting category summary writing process.
[2025-01-11 19:49:00] [INFO] runWriteCategories: Ensured output directories at /Users/ventura/Library/Mobile Documents/iCloud~dk~simonbs~Jayson/Documents/Omi/memory-processing-toolbox/src/output/markdown, /Users/ventura/Library/Mobile Documents/iCloud~dk~simonbs~Jayson/Documents/Omi/memory-processing-toolbox/src/output/reports, and /Users/ventura/Library/Mobile Documents/iCloud~dk~simonbs~Jayson/Documents/Omi/memory-processing-toolbox/src/output/csv.
[2025-01-11 19:49:01] [INFO] runWriteCategories: Successfully read filteredConversations.json from /Users/ventura/Library/Mobile Documents/iCloud~dk~simonbs~Jayson/Documents/Omi/memory-processing-toolbox/src/data/filteredConversations.json.
[2025-01-11 19:49:01] [INFO] runWriteCategories: Successfully parsed filteredConversations.json.
[2025-01-11 19:49:01] [INFO] extractCategories: Starting category extraction.
[2025-01-11 19:49:01] [INFO] extractCategories: Found 17 unique categories.
[2025-01-11 19:49:01] [INFO] runWriteCategories: Extracted categories summary for 17 categories.
[2025-01-11 19:49:01] [INFO] formatCategoriesMarkdown: Starting formatting of categories into Markdown.
[2025-01-11 19:49:01] [INFO] formatCategoriesMarkdown: Successfully formatted categories into Markdown.
[2025-01-11 19:49:01] [INFO] runWriteCategories: Successfully formatted categories to Markdown.
[2025-01-11 19:49:01] [INFO] runWriteCategories: Categories summary written to Markdown: /Users/ventura/Library/Mobile Documents/iCloud~dk~simonbs~Jayson/Documents/Omi/memory-processing-toolbox/src/output/markdown/categoriesSummary.md
[2025-01-11 19:49:01] [INFO] runWriteCategories: Categories summary written to JSON: /Users/ventura/Library/Mobile Documents/iCloud~dk~simonbs~Jayson/Documents/Omi/memory-processing-toolbox/src/output/reports/categoriesSummary.json
[2025-01-11 19:49:01] [INFO] writeJsonToCsv: Starting CSV writing for file /Users/ventura/Library/Mobile Documents/iCloud~dk~simonbs~Jayson/Documents/Omi/memory-processing-toolbox/src/output/csv/categoriesSummary.csv.
[2025-01-11 19:49:01] [INFO] writeJsonToCsv: CSV file written successfully at /Users/ventura/Library/Mobile Documents/iCloud~dk~simonbs~Jayson/Documents/Omi/memory-processing-toolbox/src/output/csv/categoriesSummary.csv.
[2025-01-11 19:49:01] [INFO] runWriteCategories: Categories summary written to CSV: /Users/ventura/Library/Mobile Documents/iCloud~dk~simonbs~Jayson/Documents/Omi/memory-processing-toolbox/src/output/csv/categoriesSummary.csv
[2025-01-11 19:49:01] [INFO] runWriteCategories: Category summary writing process completed successfully.
[2025-01-11 19:49:01] [INFO] Completed: Extracting categories
[2025-01-11 19:49:01] [INFO] [1m[34mmainMenu: Displaying the main menu.[39m[22m
