[2025-01-10 09:51:47] [INFO] Test info log
[2025-01-10 09:51:47] [ERROR] Test error log
[2025-01-10 09:51:47] [WARN] Test warning log
[2025-01-10 09:52:22] [INFO] Starting runValidationCheck...
[2025-01-10 09:52:22] [INFO] Successfully read conversations.json from /Users/ventura/Library/Mobile Documents/iCloud~dk~simonbs~Jayson/Documents/Omi/memory-processing-toolbox/src/data/conversations.json
[2025-01-10 09:52:22] [INFO] Successfully parsed conversations.json
[2025-01-10 09:52:22] [INFO] Successfully compiled JSON schema for validation.
[2025-01-10 09:52:22] [INFO] Validation complete: 1252 valid, 0 invalid.
[2025-01-10 09:52:22] [INFO] Successfully validated memories.
[2025-01-10 09:52:22] [INFO] All conversations are valid according to the schema.
[2025-01-10 09:52:22] [INFO] runValidationCheck completed successfully.
[2025-01-10 09:53:04] [INFO] Starting runFiltering...
[2025-01-10 09:53:05] [INFO] Successfully read conversations.json from /Users/ventura/Library/Mobile Documents/iCloud~dk~simonbs~Jayson/Documents/Omi/memory-processing-toolbox/src/data/conversations.json
[2025-01-10 09:53:05] [INFO] Successfully parsed conversations.json
[2025-01-10 09:53:05] [INFO] Filtering out discarded/deleted conversations...
[2025-01-10 09:53:05] [INFO] Total: 1252; Non-discarded/deleted: 378
[2025-01-10 09:53:05] [INFO] Filtered memories. Remaining memories: 378
[2025-01-10 09:53:05] [INFO] Filtered memories written to: /Users/ventura/Library/Mobile Documents/iCloud~dk~simonbs~Jayson/Documents/Omi/memory-processing-toolbox/src/data/filteredConversations.json
[2025-01-10 09:53:05] [INFO] runFiltering completed successfully.
[2025-01-10 09:53:22] [INFO] runTextAnalysis: Starting text analysis process.
[2025-01-10 09:53:22] [INFO] [34mindex.js: Starting the CLI application.[39m
[2025-01-10 09:53:22] [INFO] [1m[34mmainMenu: Displaying the main menu.[39m[22m
[2025-01-10 09:53:28] [INFO] Starting: Extracting categories
[2025-01-10 09:53:28] [INFO] runWriteCategories: Starting category summary writing process.
[2025-01-10 09:53:28] [INFO] runWriteCategories: Ensured output directories at /Users/ventura/Library/Mobile Documents/iCloud~dk~simonbs~Jayson/Documents/Omi/memory-processing-toolbox/src/output/markdown, /Users/ventura/Library/Mobile Documents/iCloud~dk~simonbs~Jayson/Documents/Omi/memory-processing-toolbox/src/output/reports, and /Users/ventura/Library/Mobile Documents/iCloud~dk~simonbs~Jayson/Documents/Omi/memory-processing-toolbox/src/output/csv.
[2025-01-10 09:53:28] [INFO] runWriteCategories: Successfully read filteredConversations.json from /Users/ventura/Library/Mobile Documents/iCloud~dk~simonbs~Jayson/Documents/Omi/memory-processing-toolbox/src/data/filteredConversations.json.
[2025-01-10 09:53:28] [INFO] runWriteCategories: Successfully parsed filteredConversations.json.
[2025-01-10 09:53:28] [INFO] extractCategories: Starting category extraction.
[2025-01-10 09:53:28] [INFO] extractCategories: Found 17 unique categories.
[2025-01-10 09:53:28] [INFO] runWriteCategories: Extracted categories summary for 17 categories.
[2025-01-10 09:53:28] [INFO] formatCategoriesMarkdown: Starting formatting of categories into Markdown.
[2025-01-10 09:53:28] [INFO] formatCategoriesMarkdown: Successfully formatted categories into Markdown.
[2025-01-10 09:53:28] [INFO] runWriteCategories: Successfully formatted categories to Markdown.
[2025-01-10 09:53:28] [INFO] runWriteCategories: Categories summary written to Markdown: /Users/ventura/Library/Mobile Documents/iCloud~dk~simonbs~Jayson/Documents/Omi/memory-processing-toolbox/src/output/markdown/categoriesSummary.md
[2025-01-10 09:53:28] [INFO] runWriteCategories: Categories summary written to JSON: /Users/ventura/Library/Mobile Documents/iCloud~dk~simonbs~Jayson/Documents/Omi/memory-processing-toolbox/src/output/reports/categoriesSummary.json
[2025-01-10 09:53:28] [INFO] writeJsonToCsv: Starting CSV writing for file /Users/ventura/Library/Mobile Documents/iCloud~dk~simonbs~Jayson/Documents/Omi/memory-processing-toolbox/src/output/csv/categoriesSummary.csv.
[2025-01-10 09:53:28] [INFO] writeJsonToCsv: CSV file written successfully at /Users/ventura/Library/Mobile Documents/iCloud~dk~simonbs~Jayson/Documents/Omi/memory-processing-toolbox/src/output/csv/categoriesSummary.csv.
[2025-01-10 09:53:28] [INFO] runWriteCategories: Categories summary written to CSV: /Users/ventura/Library/Mobile Documents/iCloud~dk~simonbs~Jayson/Documents/Omi/memory-processing-toolbox/src/output/csv/categoriesSummary.csv
[2025-01-10 09:53:28] [INFO] runWriteCategories: Category summary writing process completed successfully.
[2025-01-10 09:53:28] [INFO] Completed: Extracting categories
[2025-01-10 09:53:28] [INFO] [1m[34mmainMenu: Displaying the main menu.[39m[22m
[2025-01-10 09:53:32] [INFO] Starting: Extracting transcripts
[2025-01-10 09:53:32] [INFO] runExtractTranscripts: Starting transcript extraction process.
[2025-01-10 09:53:32] [INFO] runExtractTranscripts: Ensured output directories at /Users/ventura/Library/Mobile Documents/iCloud~dk~simonbs~Jayson/Documents/Omi/memory-processing-toolbox/src/output/markdown, /Users/ventura/Library/Mobile Documents/iCloud~dk~simonbs~Jayson/Documents/Omi/memory-processing-toolbox/src/output/reports, and /Users/ventura/Library/Mobile Documents/iCloud~dk~simonbs~Jayson/Documents/Omi/memory-processing-toolbox/src/output/csv.
[2025-01-10 09:53:32] [INFO] runExtractTranscripts: Successfully read filteredConversations.json from /Users/ventura/Library/Mobile Documents/iCloud~dk~simonbs~Jayson/Documents/Omi/memory-processing-toolbox/src/data/filteredConversations.json.
[2025-01-10 09:53:32] [INFO] runExtractTranscripts: Successfully parsed filteredConversations.json.
[2025-01-10 09:53:32] [INFO] extractTranscriptSegments: Starting transcript segments extraction.
[2025-01-10 09:53:32] [INFO] extractTranscriptSegments: Transcript segments extracted for 378 memories.
[2025-01-10 09:53:32] [INFO] runExtractTranscripts: Extracted transcript segments for 378 memories.
[2025-01-10 09:53:32] [INFO] formatTranscriptMarkdown: Starting formatting of transcripts into Markdown.
[2025-01-10 09:53:32] [INFO] formatTranscriptMarkdown: Successfully formatted transcripts into Markdown.
[2025-01-10 09:53:32] [INFO] runExtractTranscripts: Successfully formatted transcripts to Markdown.
[2025-01-10 09:53:32] [INFO] runExtractTranscripts: Transcripts written to Markdown: /Users/ventura/Library/Mobile Documents/iCloud~dk~simonbs~Jayson/Documents/Omi/memory-processing-toolbox/src/output/markdown/transcripts.md
[2025-01-10 09:53:32] [INFO] runExtractTranscripts: Transcripts written to JSON: /Users/ventura/Library/Mobile Documents/iCloud~dk~simonbs~Jayson/Documents/Omi/memory-processing-toolbox/src/output/reports/transcripts.json
[2025-01-10 09:53:32] [INFO] writeJsonToCsv: Starting CSV writing for file /Users/ventura/Library/Mobile Documents/iCloud~dk~simonbs~Jayson/Documents/Omi/memory-processing-toolbox/src/output/csv/transcripts.csv.
[2025-01-10 09:53:32] [INFO] writeJsonToCsv: CSV file written successfully at /Users/ventura/Library/Mobile Documents/iCloud~dk~simonbs~Jayson/Documents/Omi/memory-processing-toolbox/src/output/csv/transcripts.csv.
[2025-01-10 09:53:32] [INFO] runExtractTranscripts: Transcripts written to CSV: /Users/ventura/Library/Mobile Documents/iCloud~dk~simonbs~Jayson/Documents/Omi/memory-processing-toolbox/src/output/csv/transcripts.csv
[2025-01-10 09:53:32] [INFO] runExtractTranscripts: Transcript extraction process completed successfully.
[2025-01-10 09:53:32] [INFO] Completed: Extracting transcripts
[2025-01-10 09:53:32] [INFO] [1m[34mmainMenu: Displaying the main menu.[39m[22m
[2025-01-10 09:53:41] [INFO] Starting: Performing text analysis
[2025-01-10 09:53:41] [INFO] runTextAnalysis: Starting text analysis process.
[2025-01-10 09:53:41] [INFO] runTextAnalysis: Successfully read filteredConversations.json from /Users/ventura/Library/Mobile Documents/iCloud~dk~simonbs~Jayson/Documents/Omi/memory-processing-toolbox/src/data/filteredConversations.json.
[2025-01-10 09:53:41] [INFO] runTextAnalysis: Successfully parsed filteredConversations.json.
[2025-01-10 09:53:41] [INFO] Successfully compiled JSON schema for validation.
[2025-01-10 09:53:41] [INFO] Validation complete: 378 valid, 0 invalid.
[2025-01-10 09:53:41] [INFO] Filtering out discarded/deleted conversations...
[2025-01-10 09:53:41] [INFO] Total: 378; Non-discarded/deleted: 378
[2025-01-10 09:53:41] [INFO] runTextAnalysis: 378 active memories to analyze.
[2025-01-10 09:53:41] [INFO] runTextAnalysis: Aggregated 30602 transcript segments from active memories.
[2025-01-10 09:53:41] [INFO] getWordFrequency: Calculating 2-gram frequency.
[2025-01-10 09:53:41] [INFO] getWordFrequency: Word frequency calculation completed.
[2025-01-10 09:53:41] [INFO] runTextAnalysis: Word frequency calculation completed.
[2025-01-10 09:53:41] [INFO] runTextAnalysis: Top 10 keywords extracted.
[2025-01-10 09:53:41] [INFO] runTextAnalysis: Ensured output directories for JSON and CSV.
[2025-01-10 09:53:41] [INFO] runTextAnalysis: Text analysis results written to JSON: /Users/ventura/Library/Mobile Documents/iCloud~dk~simonbs~Jayson/Documents/Omi/memory-processing-toolbox/output/reports/textAnalysis.json
[2025-01-10 09:53:41] [INFO] writeJsonToCsv: Starting CSV writing for file /Users/ventura/Library/Mobile Documents/iCloud~dk~simonbs~Jayson/Documents/Omi/memory-processing-toolbox/output/csv/wordFrequency.csv.
[2025-01-10 09:53:41] [INFO] writeJsonToCsv: CSV file written successfully at /Users/ventura/Library/Mobile Documents/iCloud~dk~simonbs~Jayson/Documents/Omi/memory-processing-toolbox/output/csv/wordFrequency.csv.
[2025-01-10 09:53:41] [INFO] runTextAnalysis: Word frequency data written to CSV: /Users/ventura/Library/Mobile Documents/iCloud~dk~simonbs~Jayson/Documents/Omi/memory-processing-toolbox/output/csv/wordFrequency.csv
[2025-01-10 09:53:41] [INFO] writeJsonToCsv: Starting CSV writing for file /Users/ventura/Library/Mobile Documents/iCloud~dk~simonbs~Jayson/Documents/Omi/memory-processing-toolbox/output/csv/topKeywords.csv.
[2025-01-10 09:53:41] [INFO] writeJsonToCsv: CSV file written successfully at /Users/ventura/Library/Mobile Documents/iCloud~dk~simonbs~Jayson/Documents/Omi/memory-processing-toolbox/output/csv/topKeywords.csv.
[2025-01-10 09:53:41] [INFO] runTextAnalysis: Top keywords data written to CSV: /Users/ventura/Library/Mobile Documents/iCloud~dk~simonbs~Jayson/Documents/Omi/memory-processing-toolbox/output/csv/topKeywords.csv
[2025-01-10 09:53:41] [INFO] runTextAnalysis: Text analysis process completed successfully.
[2025-01-10 09:53:41] [INFO] Completed: Performing text analysis
[2025-01-10 09:53:41] [INFO] [1m[34mmainMenu: Displaying the main menu.[39m[22m
[2025-01-10 09:53:58] [INFO] Starting: Extracting plugin responses
[2025-01-10 09:53:58] [INFO] runExtractPlugins: Starting plugin extraction process.
[2025-01-10 09:53:58] [INFO] runExtractPlugins: Ensured output directories at /Users/ventura/Library/Mobile Documents/iCloud~dk~simonbs~Jayson/Documents/Omi/memory-processing-toolbox/src/output/reports and /Users/ventura/Library/Mobile Documents/iCloud~dk~simonbs~Jayson/Documents/Omi/memory-processing-toolbox/src/output/csv.
[2025-01-10 09:53:58] [INFO] runExtractPlugins: Successfully read filteredConversations.json from /Users/ventura/Library/Mobile Documents/iCloud~dk~simonbs~Jayson/Documents/Omi/memory-processing-toolbox/src/data/filteredConversations.json.
[2025-01-10 09:53:58] [INFO] runExtractPlugins: Successfully parsed filteredConversations.json.
[2025-01-10 09:53:58] [INFO] extractPluginResponses: Starting plugin responses extraction.
[2025-01-10 09:53:58] [INFO] extractPluginResponses: Plugin responses extracted for 378 memories.
[2025-01-10 09:53:58] [INFO] runExtractPlugins: Extracted plugin responses for 378 memories.
[2025-01-10 09:53:58] [INFO] runExtractPlugins: Plugin responses written to JSON: /Users/ventura/Library/Mobile Documents/iCloud~dk~simonbs~Jayson/Documents/Omi/memory-processing-toolbox/src/output/reports/pluginResponses.json
[2025-01-10 09:53:58] [INFO] writeJsonToCsv: Starting CSV writing for file /Users/ventura/Library/Mobile Documents/iCloud~dk~simonbs~Jayson/Documents/Omi/memory-processing-toolbox/src/output/csv/pluginResponses.csv.
[2025-01-10 09:53:58] [INFO] writeJsonToCsv: CSV file written successfully at /Users/ventura/Library/Mobile Documents/iCloud~dk~simonbs~Jayson/Documents/Omi/memory-processing-toolbox/src/output/csv/pluginResponses.csv.
[2025-01-10 09:53:58] [INFO] runExtractPlugins: Plugin responses written to CSV: /Users/ventura/Library/Mobile Documents/iCloud~dk~simonbs~Jayson/Documents/Omi/memory-processing-toolbox/src/output/csv/pluginResponses.csv
[2025-01-10 09:53:58] [INFO] runExtractPlugins: Plugin extraction process completed successfully.
[2025-01-10 09:53:58] [INFO] Completed: Extracting plugin responses
[2025-01-10 09:53:58] [INFO] [1m[34mmainMenu: Displaying the main menu.[39m[22m
[2025-01-10 09:54:07] [INFO] Starting: Writing CSV outputs
[2025-01-10 09:54:07] [INFO] runWriteCsv: Starting CSV writing process.
[2025-01-10 09:54:07] [INFO] runWriteCsv: Ensured CSV output directory at /Users/ventura/Library/Mobile Documents/iCloud~dk~simonbs~Jayson/Documents/Omi/memory-processing-toolbox/src/output/csv.
[2025-01-10 09:54:07] [INFO] runWriteCsv: Successfully read filteredConversations.json from /Users/ventura/Library/Mobile Documents/iCloud~dk~simonbs~Jayson/Documents/Omi/memory-processing-toolbox/src/data/filteredConversations.json.
[2025-01-10 09:54:07] [INFO] runWriteCsv: Successfully parsed filteredConversations.json.
[2025-01-10 09:54:07] [INFO] extractCategories: Starting category extraction.
[2025-01-10 09:54:07] [INFO] extractCategories: Found 17 unique categories.
[2025-01-10 09:54:07] [INFO] runWriteCsv: Extracted categories summary for 17 categories.
[2025-01-10 09:54:07] [INFO] extractTranscriptSegments: Starting transcript segments extraction.
[2025-01-10 09:54:07] [INFO] extractTranscriptSegments: Transcript segments extracted for 378 memories.
[2025-01-10 09:54:07] [INFO] runWriteCsv: Extracted transcript segments for 378 memories.
[2025-01-10 09:54:07] [INFO] extractPluginResponses: Starting plugin responses extraction.
[2025-01-10 09:54:07] [INFO] extractPluginResponses: Plugin responses extracted for 378 memories.
[2025-01-10 09:54:07] [INFO] runWriteCsv: Extracted plugin responses for 378 memories.
[2025-01-10 09:54:07] [INFO] writeJsonToCsv: Starting CSV writing for file /Users/ventura/Library/Mobile Documents/iCloud~dk~simonbs~Jayson/Documents/Omi/memory-processing-toolbox/src/output/csv/categoriesSummary.csv.
[2025-01-10 09:54:07] [INFO] writeJsonToCsv: CSV file written successfully at /Users/ventura/Library/Mobile Documents/iCloud~dk~simonbs~Jayson/Documents/Omi/memory-processing-toolbox/src/output/csv/categoriesSummary.csv.
[2025-01-10 09:54:07] [INFO] runWriteCsv: Categories summary written to CSV: /Users/ventura/Library/Mobile Documents/iCloud~dk~simonbs~Jayson/Documents/Omi/memory-processing-toolbox/src/output/csv/categoriesSummary.csv
[2025-01-10 09:54:07] [INFO] writeJsonToCsv: Starting CSV writing for file /Users/ventura/Library/Mobile Documents/iCloud~dk~simonbs~Jayson/Documents/Omi/memory-processing-toolbox/src/output/csv/transcripts.csv.
[2025-01-10 09:54:07] [INFO] writeJsonToCsv: CSV file written successfully at /Users/ventura/Library/Mobile Documents/iCloud~dk~simonbs~Jayson/Documents/Omi/memory-processing-toolbox/src/output/csv/transcripts.csv.
[2025-01-10 09:54:07] [INFO] runWriteCsv: Transcripts written to CSV: /Users/ventura/Library/Mobile Documents/iCloud~dk~simonbs~Jayson/Documents/Omi/memory-processing-toolbox/src/output/csv/transcripts.csv
[2025-01-10 09:54:07] [INFO] writeJsonToCsv: Starting CSV writing for file /Users/ventura/Library/Mobile Documents/iCloud~dk~simonbs~Jayson/Documents/Omi/memory-processing-toolbox/src/output/csv/pluginResponses.csv.
[2025-01-10 09:54:07] [INFO] writeJsonToCsv: CSV file written successfully at /Users/ventura/Library/Mobile Documents/iCloud~dk~simonbs~Jayson/Documents/Omi/memory-processing-toolbox/src/output/csv/pluginResponses.csv.
[2025-01-10 09:54:07] [INFO] runWriteCsv: Plugin responses written to CSV: /Users/ventura/Library/Mobile Documents/iCloud~dk~simonbs~Jayson/Documents/Omi/memory-processing-toolbox/src/output/csv/pluginResponses.csv
[2025-01-10 09:54:07] [INFO] runWriteCsv: CSV writing process completed successfully.
[2025-01-10 09:54:07] [INFO] Completed: Writing CSV outputs
[2025-01-10 09:54:07] [INFO] [1m[34mmainMenu: Displaying the main menu.[39m[22m
[2025-01-10 09:54:52] [INFO] [33mrunAllTasks: Initiating the execution of all tasks in sequence.[39m
[2025-01-10 09:54:52] [INFO] Starting: 1) Validating conversations
[2025-01-10 09:54:52] [INFO] Starting runValidationCheck...
[2025-01-10 09:54:52] [INFO] Successfully read conversations.json from /Users/ventura/Library/Mobile Documents/iCloud~dk~simonbs~Jayson/Documents/Omi/memory-processing-toolbox/src/data/conversations.json
[2025-01-10 09:54:52] [INFO] Successfully parsed conversations.json
[2025-01-10 09:54:52] [INFO] Successfully compiled JSON schema for validation.
[2025-01-10 09:54:52] [INFO] Validation complete: 1252 valid, 0 invalid.
[2025-01-10 09:54:52] [INFO] Successfully validated memories.
[2025-01-10 09:54:52] [INFO] All conversations are valid according to the schema.
[2025-01-10 09:54:52] [INFO] Completed: 1) Validating conversations
[2025-01-10 09:54:52] [INFO] Starting: 2) Filtering memories
[2025-01-10 09:54:52] [INFO] Starting runFiltering...
[2025-01-10 09:54:52] [INFO] Successfully read conversations.json from /Users/ventura/Library/Mobile Documents/iCloud~dk~simonbs~Jayson/Documents/Omi/memory-processing-toolbox/src/data/conversations.json
[2025-01-10 09:54:53] [INFO] Successfully parsed conversations.json
[2025-01-10 09:54:53] [INFO] Filtering out discarded/deleted conversations...
[2025-01-10 09:54:53] [INFO] Total: 1252; Non-discarded/deleted: 378
[2025-01-10 09:54:53] [INFO] Filtered memories. Remaining memories: 378
[2025-01-10 09:54:53] [INFO] Filtered memories written to: /Users/ventura/Library/Mobile Documents/iCloud~dk~simonbs~Jayson/Documents/Omi/memory-processing-toolbox/src/data/filteredConversations.json
[2025-01-10 09:54:53] [INFO] Completed: 2) Filtering memories
[2025-01-10 09:54:53] [INFO] Starting: 3) Extracting categories
[2025-01-10 09:54:53] [INFO] runWriteCategories: Starting category summary writing process.
[2025-01-10 09:54:53] [INFO] runWriteCategories: Ensured output directories at /Users/ventura/Library/Mobile Documents/iCloud~dk~simonbs~Jayson/Documents/Omi/memory-processing-toolbox/src/output/markdown, /Users/ventura/Library/Mobile Documents/iCloud~dk~simonbs~Jayson/Documents/Omi/memory-processing-toolbox/src/output/reports, and /Users/ventura/Library/Mobile Documents/iCloud~dk~simonbs~Jayson/Documents/Omi/memory-processing-toolbox/src/output/csv.
[2025-01-10 09:54:53] [INFO] runWriteCategories: Successfully read filteredConversations.json from /Users/ventura/Library/Mobile Documents/iCloud~dk~simonbs~Jayson/Documents/Omi/memory-processing-toolbox/src/data/filteredConversations.json.
[2025-01-10 09:54:53] [INFO] runWriteCategories: Successfully parsed filteredConversations.json.
[2025-01-10 09:54:53] [INFO] extractCategories: Starting category extraction.
[2025-01-10 09:54:53] [INFO] extractCategories: Found 17 unique categories.
[2025-01-10 09:54:53] [INFO] runWriteCategories: Extracted categories summary for 17 categories.
[2025-01-10 09:54:53] [INFO] formatCategoriesMarkdown: Starting formatting of categories into Markdown.
[2025-01-10 09:54:53] [INFO] formatCategoriesMarkdown: Successfully formatted categories into Markdown.
[2025-01-10 09:54:53] [INFO] runWriteCategories: Successfully formatted categories to Markdown.
[2025-01-10 09:54:53] [INFO] runWriteCategories: Categories summary written to Markdown: /Users/ventura/Library/Mobile Documents/iCloud~dk~simonbs~Jayson/Documents/Omi/memory-processing-toolbox/src/output/markdown/categoriesSummary.md
[2025-01-10 09:54:53] [INFO] runWriteCategories: Categories summary written to JSON: /Users/ventura/Library/Mobile Documents/iCloud~dk~simonbs~Jayson/Documents/Omi/memory-processing-toolbox/src/output/reports/categoriesSummary.json
[2025-01-10 09:54:53] [INFO] writeJsonToCsv: Starting CSV writing for file /Users/ventura/Library/Mobile Documents/iCloud~dk~simonbs~Jayson/Documents/Omi/memory-processing-toolbox/src/output/csv/categoriesSummary.csv.
[2025-01-10 09:54:53] [INFO] writeJsonToCsv: CSV file written successfully at /Users/ventura/Library/Mobile Documents/iCloud~dk~simonbs~Jayson/Documents/Omi/memory-processing-toolbox/src/output/csv/categoriesSummary.csv.
[2025-01-10 09:54:53] [INFO] runWriteCategories: Categories summary written to CSV: /Users/ventura/Library/Mobile Documents/iCloud~dk~simonbs~Jayson/Documents/Omi/memory-processing-toolbox/src/output/csv/categoriesSummary.csv
[2025-01-10 09:54:53] [INFO] runWriteCategories: Category summary writing process completed successfully.
[2025-01-10 09:54:53] [INFO] Completed: 3) Extracting categories
[2025-01-10 09:54:53] [INFO] Starting: 4) Extracting transcripts
[2025-01-10 09:54:53] [INFO] runExtractTranscripts: Starting transcript extraction process.
[2025-01-10 09:54:53] [INFO] runExtractTranscripts: Ensured output directories at /Users/ventura/Library/Mobile Documents/iCloud~dk~simonbs~Jayson/Documents/Omi/memory-processing-toolbox/src/output/markdown, /Users/ventura/Library/Mobile Documents/iCloud~dk~simonbs~Jayson/Documents/Omi/memory-processing-toolbox/src/output/reports, and /Users/ventura/Library/Mobile Documents/iCloud~dk~simonbs~Jayson/Documents/Omi/memory-processing-toolbox/src/output/csv.
[2025-01-10 09:54:53] [INFO] runExtractTranscripts: Successfully read filteredConversations.json from /Users/ventura/Library/Mobile Documents/iCloud~dk~simonbs~Jayson/Documents/Omi/memory-processing-toolbox/src/data/filteredConversations.json.
[2025-01-10 09:54:53] [INFO] runExtractTranscripts: Successfully parsed filteredConversations.json.
[2025-01-10 09:54:53] [INFO] extractTranscriptSegments: Starting transcript segments extraction.
[2025-01-10 09:54:53] [INFO] extractTranscriptSegments: Transcript segments extracted for 378 memories.
[2025-01-10 09:54:53] [INFO] runExtractTranscripts: Extracted transcript segments for 378 memories.
[2025-01-10 09:54:53] [INFO] formatTranscriptMarkdown: Starting formatting of transcripts into Markdown.
[2025-01-10 09:54:53] [INFO] formatTranscriptMarkdown: Successfully formatted transcripts into Markdown.
[2025-01-10 09:54:53] [INFO] runExtractTranscripts: Successfully formatted transcripts to Markdown.
[2025-01-10 09:54:53] [INFO] runExtractTranscripts: Transcripts written to Markdown: /Users/ventura/Library/Mobile Documents/iCloud~dk~simonbs~Jayson/Documents/Omi/memory-processing-toolbox/src/output/markdown/transcripts.md
[2025-01-10 09:54:53] [INFO] runExtractTranscripts: Transcripts written to JSON: /Users/ventura/Library/Mobile Documents/iCloud~dk~simonbs~Jayson/Documents/Omi/memory-processing-toolbox/src/output/reports/transcripts.json
[2025-01-10 09:54:53] [INFO] writeJsonToCsv: Starting CSV writing for file /Users/ventura/Library/Mobile Documents/iCloud~dk~simonbs~Jayson/Documents/Omi/memory-processing-toolbox/src/output/csv/transcripts.csv.
[2025-01-10 09:54:53] [INFO] writeJsonToCsv: CSV file written successfully at /Users/ventura/Library/Mobile Documents/iCloud~dk~simonbs~Jayson/Documents/Omi/memory-processing-toolbox/src/output/csv/transcripts.csv.
[2025-01-10 09:54:53] [INFO] runExtractTranscripts: Transcripts written to CSV: /Users/ventura/Library/Mobile Documents/iCloud~dk~simonbs~Jayson/Documents/Omi/memory-processing-toolbox/src/output/csv/transcripts.csv
[2025-01-10 09:54:53] [INFO] runExtractTranscripts: Transcript extraction process completed successfully.
[2025-01-10 09:54:53] [INFO] Completed: 4) Extracting transcripts
[2025-01-10 09:54:53] [INFO] Starting: 5) Performing text analysis
[2025-01-10 09:54:53] [INFO] runTextAnalysis: Starting text analysis process.
[2025-01-10 09:54:53] [INFO] runTextAnalysis: Successfully read filteredConversations.json from /Users/ventura/Library/Mobile Documents/iCloud~dk~simonbs~Jayson/Documents/Omi/memory-processing-toolbox/src/data/filteredConversations.json.
[2025-01-10 09:54:54] [INFO] runTextAnalysis: Successfully parsed filteredConversations.json.
[2025-01-10 09:54:54] [INFO] Successfully compiled JSON schema for validation.
[2025-01-10 09:54:54] [INFO] Validation complete: 378 valid, 0 invalid.
[2025-01-10 09:54:54] [INFO] Filtering out discarded/deleted conversations...
[2025-01-10 09:54:54] [INFO] Total: 378; Non-discarded/deleted: 378
[2025-01-10 09:54:54] [INFO] runTextAnalysis: 378 active memories to analyze.
[2025-01-10 09:54:54] [INFO] runTextAnalysis: Aggregated 30602 transcript segments from active memories.
[2025-01-10 09:54:54] [INFO] getWordFrequency: Calculating 2-gram frequency.
[2025-01-10 09:54:54] [INFO] getWordFrequency: Word frequency calculation completed.
[2025-01-10 09:54:54] [INFO] runTextAnalysis: Word frequency calculation completed.
[2025-01-10 09:54:54] [INFO] runTextAnalysis: Top 10 keywords extracted.
[2025-01-10 09:54:54] [INFO] runTextAnalysis: Ensured output directories for JSON and CSV.
[2025-01-10 09:54:55] [INFO] runTextAnalysis: Text analysis results written to JSON: /Users/ventura/Library/Mobile Documents/iCloud~dk~simonbs~Jayson/Documents/Omi/memory-processing-toolbox/output/reports/textAnalysis.json
[2025-01-10 09:54:55] [INFO] writeJsonToCsv: Starting CSV writing for file /Users/ventura/Library/Mobile Documents/iCloud~dk~simonbs~Jayson/Documents/Omi/memory-processing-toolbox/output/csv/wordFrequency.csv.
[2025-01-10 09:54:55] [INFO] writeJsonToCsv: CSV file written successfully at /Users/ventura/Library/Mobile Documents/iCloud~dk~simonbs~Jayson/Documents/Omi/memory-processing-toolbox/output/csv/wordFrequency.csv.
[2025-01-10 09:54:55] [INFO] runTextAnalysis: Word frequency data written to CSV: /Users/ventura/Library/Mobile Documents/iCloud~dk~simonbs~Jayson/Documents/Omi/memory-processing-toolbox/output/csv/wordFrequency.csv
[2025-01-10 09:54:55] [INFO] writeJsonToCsv: Starting CSV writing for file /Users/ventura/Library/Mobile Documents/iCloud~dk~simonbs~Jayson/Documents/Omi/memory-processing-toolbox/output/csv/topKeywords.csv.
[2025-01-10 09:54:55] [INFO] writeJsonToCsv: CSV file written successfully at /Users/ventura/Library/Mobile Documents/iCloud~dk~simonbs~Jayson/Documents/Omi/memory-processing-toolbox/output/csv/topKeywords.csv.
[2025-01-10 09:54:55] [INFO] runTextAnalysis: Top keywords data written to CSV: /Users/ventura/Library/Mobile Documents/iCloud~dk~simonbs~Jayson/Documents/Omi/memory-processing-toolbox/output/csv/topKeywords.csv
[2025-01-10 09:54:55] [INFO] runTextAnalysis: Text analysis process completed successfully.
[2025-01-10 09:54:55] [INFO] Completed: 5) Performing text analysis
[2025-01-10 09:54:55] [INFO] Starting: 6) Extracting plugin responses
[2025-01-10 09:54:55] [INFO] runExtractPlugins: Starting plugin extraction process.
[2025-01-10 09:54:55] [INFO] runExtractPlugins: Ensured output directories at /Users/ventura/Library/Mobile Documents/iCloud~dk~simonbs~Jayson/Documents/Omi/memory-processing-toolbox/src/output/reports and /Users/ventura/Library/Mobile Documents/iCloud~dk~simonbs~Jayson/Documents/Omi/memory-processing-toolbox/src/output/csv.
[2025-01-10 09:54:55] [INFO] runExtractPlugins: Successfully read filteredConversations.json from /Users/ventura/Library/Mobile Documents/iCloud~dk~simonbs~Jayson/Documents/Omi/memory-processing-toolbox/src/data/filteredConversations.json.
[2025-01-10 09:54:55] [INFO] runExtractPlugins: Successfully parsed filteredConversations.json.
[2025-01-10 09:54:55] [INFO] extractPluginResponses: Starting plugin responses extraction.
[2025-01-10 09:54:55] [INFO] extractPluginResponses: Plugin responses extracted for 378 memories.
[2025-01-10 09:54:55] [INFO] runExtractPlugins: Extracted plugin responses for 378 memories.
[2025-01-10 09:54:55] [INFO] runExtractPlugins: Plugin responses written to JSON: /Users/ventura/Library/Mobile Documents/iCloud~dk~simonbs~Jayson/Documents/Omi/memory-processing-toolbox/src/output/reports/pluginResponses.json
[2025-01-10 09:54:55] [INFO] writeJsonToCsv: Starting CSV writing for file /Users/ventura/Library/Mobile Documents/iCloud~dk~simonbs~Jayson/Documents/Omi/memory-processing-toolbox/src/output/csv/pluginResponses.csv.
[2025-01-10 09:54:55] [INFO] writeJsonToCsv: CSV file written successfully at /Users/ventura/Library/Mobile Documents/iCloud~dk~simonbs~Jayson/Documents/Omi/memory-processing-toolbox/src/output/csv/pluginResponses.csv.
[2025-01-10 09:54:55] [INFO] runExtractPlugins: Plugin responses written to CSV: /Users/ventura/Library/Mobile Documents/iCloud~dk~simonbs~Jayson/Documents/Omi/memory-processing-toolbox/src/output/csv/pluginResponses.csv
[2025-01-10 09:54:55] [INFO] runExtractPlugins: Plugin extraction process completed successfully.
[2025-01-10 09:54:55] [INFO] Completed: 6) Extracting plugin responses
[2025-01-10 09:54:55] [INFO] Starting: 7) Writing Markdown outputs
[2025-01-10 09:54:55] [INFO] runWriteMarkdown: Starting Markdown report writing process.
[2025-01-10 09:54:55] [INFO] runWriteMarkdown: Ensured Markdown output directory at /Users/ventura/Library/Mobile Documents/iCloud~dk~simonbs~Jayson/Documents/Omi/memory-processing-toolbox/src/output/markdown.
[2025-01-10 09:54:55] [INFO] runWriteMarkdown: Successfully read filteredConversations.json from /Users/ventura/Library/Mobile Documents/iCloud~dk~simonbs~Jayson/Documents/Omi/memory-processing-toolbox/src/data/filteredConversations.json.
[2025-01-10 09:54:55] [INFO] runWriteMarkdown: Successfully parsed filteredConversations.json.
[2025-01-10 09:54:55] [INFO] extractCategories: Starting category extraction.
[2025-01-10 09:54:55] [INFO] extractCategories: Found 17 unique categories.
[2025-01-10 09:54:55] [INFO] runWriteMarkdown: Extracted categories summary for 17 categories.
[2025-01-10 09:54:55] [INFO] extractTranscriptSegments: Starting transcript segments extraction.
[2025-01-10 09:54:55] [INFO] extractTranscriptSegments: Transcript segments extracted for 378 memories.
[2025-01-10 09:54:55] [INFO] runWriteMarkdown: Extracted transcript segments for 378 memories.
[2025-01-10 09:54:55] [INFO] extractPluginResponses: Starting plugin responses extraction.
[2025-01-10 09:54:55] [INFO] extractPluginResponses: Plugin responses extracted for 378 memories.
[2025-01-10 09:54:55] [INFO] runWriteMarkdown: Extracted plugin responses for 378 memories.
[2025-01-10 09:54:55] [INFO] formatCategoriesMarkdown: Starting formatting of categories into Markdown.
[2025-01-10 09:54:55] [INFO] formatCategoriesMarkdown: Successfully formatted categories into Markdown.
[2025-01-10 09:54:55] [INFO] formatTranscriptMarkdown: Starting formatting of transcripts into Markdown.
[2025-01-10 09:54:55] [INFO] formatTranscriptMarkdown: Successfully formatted transcripts into Markdown.
[2025-01-10 09:54:56] [INFO] runWriteMarkdown: Consolidated Markdown report written to: /Users/ventura/Library/Mobile Documents/iCloud~dk~simonbs~Jayson/Documents/Omi/memory-processing-toolbox/src/output/markdown/consolidatedReport.md
[2025-01-10 09:54:56] [INFO] runWriteMarkdown: Markdown report writing process completed successfully.
[2025-01-10 09:54:56] [INFO] Completed: 7) Writing Markdown outputs
[2025-01-10 09:54:56] [INFO] Starting: 8) Writing CSV outputs
[2025-01-10 09:54:56] [INFO] runWriteCsv: Starting CSV writing process.
[2025-01-10 09:54:56] [INFO] runWriteCsv: Ensured CSV output directory at /Users/ventura/Library/Mobile Documents/iCloud~dk~simonbs~Jayson/Documents/Omi/memory-processing-toolbox/src/output/csv.
[2025-01-10 09:54:56] [INFO] runWriteCsv: Successfully read filteredConversations.json from /Users/ventura/Library/Mobile Documents/iCloud~dk~simonbs~Jayson/Documents/Omi/memory-processing-toolbox/src/data/filteredConversations.json.
[2025-01-10 09:54:56] [INFO] runWriteCsv: Successfully parsed filteredConversations.json.
[2025-01-10 09:54:56] [INFO] extractCategories: Starting category extraction.
[2025-01-10 09:54:56] [INFO] extractCategories: Found 17 unique categories.
[2025-01-10 09:54:56] [INFO] runWriteCsv: Extracted categories summary for 17 categories.
[2025-01-10 09:54:56] [INFO] extractTranscriptSegments: Starting transcript segments extraction.
[2025-01-10 09:54:56] [INFO] extractTranscriptSegments: Transcript segments extracted for 378 memories.
[2025-01-10 09:54:56] [INFO] runWriteCsv: Extracted transcript segments for 378 memories.
[2025-01-10 09:54:56] [INFO] extractPluginResponses: Starting plugin responses extraction.
[2025-01-10 09:54:56] [INFO] extractPluginResponses: Plugin responses extracted for 378 memories.
[2025-01-10 09:54:56] [INFO] runWriteCsv: Extracted plugin responses for 378 memories.
[2025-01-10 09:54:56] [INFO] writeJsonToCsv: Starting CSV writing for file /Users/ventura/Library/Mobile Documents/iCloud~dk~simonbs~Jayson/Documents/Omi/memory-processing-toolbox/src/output/csv/categoriesSummary.csv.
[2025-01-10 09:54:56] [INFO] writeJsonToCsv: CSV file written successfully at /Users/ventura/Library/Mobile Documents/iCloud~dk~simonbs~Jayson/Documents/Omi/memory-processing-toolbox/src/output/csv/categoriesSummary.csv.
[2025-01-10 09:54:56] [INFO] runWriteCsv: Categories summary written to CSV: /Users/ventura/Library/Mobile Documents/iCloud~dk~simonbs~Jayson/Documents/Omi/memory-processing-toolbox/src/output/csv/categoriesSummary.csv
[2025-01-10 09:54:56] [INFO] writeJsonToCsv: Starting CSV writing for file /Users/ventura/Library/Mobile Documents/iCloud~dk~simonbs~Jayson/Documents/Omi/memory-processing-toolbox/src/output/csv/transcripts.csv.
[2025-01-10 09:54:56] [INFO] writeJsonToCsv: CSV file written successfully at /Users/ventura/Library/Mobile Documents/iCloud~dk~simonbs~Jayson/Documents/Omi/memory-processing-toolbox/src/output/csv/transcripts.csv.
[2025-01-10 09:54:56] [INFO] runWriteCsv: Transcripts written to CSV: /Users/ventura/Library/Mobile Documents/iCloud~dk~simonbs~Jayson/Documents/Omi/memory-processing-toolbox/src/output/csv/transcripts.csv
[2025-01-10 09:54:56] [INFO] writeJsonToCsv: Starting CSV writing for file /Users/ventura/Library/Mobile Documents/iCloud~dk~simonbs~Jayson/Documents/Omi/memory-processing-toolbox/src/output/csv/pluginResponses.csv.
[2025-01-10 09:54:56] [INFO] writeJsonToCsv: CSV file written successfully at /Users/ventura/Library/Mobile Documents/iCloud~dk~simonbs~Jayson/Documents/Omi/memory-processing-toolbox/src/output/csv/pluginResponses.csv.
[2025-01-10 09:54:56] [INFO] runWriteCsv: Plugin responses written to CSV: /Users/ventura/Library/Mobile Documents/iCloud~dk~simonbs~Jayson/Documents/Omi/memory-processing-toolbox/src/output/csv/pluginResponses.csv
[2025-01-10 09:54:56] [INFO] runWriteCsv: CSV writing process completed successfully.
[2025-01-10 09:54:56] [INFO] Completed: 8) Writing CSV outputs
[2025-01-10 09:54:56] [INFO] [35mrunAllTasks: All tasks completed successfully![39m
[2025-01-10 09:54:56] [INFO] [1m[34mmainMenu: Displaying the main menu.[39m[22m
